drlouie - Saturday October 06, 1997 14:45:56drlouie - Monday September 01, 1999 14:31:19
drlouie - Monday September 01, 1999 14:46:14
ctuser - Monday September 01, 1999 15:23:34
ecosuser - Monday September 01, 1999 15:23:52
homesmalluser - Monday September 01, 1999 15:24:20
homesmalluser - Monday September 01, 1999 15:24:53
ecosuser - Monday September 01, 1999 15:26:4
renuuser - Monday September 01, 1999 15:26:21
ecosuser - Tuesday September 02, 1999 12:26:44
ecosuser - Wedsday September 03, 1999 21:27:14
truelineuser - Friday October 05, 1999 10:51:37
truelineuser - Friday October 05, 1999 10:52:45
truelineuser - Friday October 05, 1999 11:31:5
truelineuser		 - Friday October 05, 1999 11:31:26
truelineuser		 - Friday October 05, 1999 11:31:52
imriuser - Thursday October 04, 1999 9:31:0
imriuser - Thursday October 04, 1999 9:43:24
imriuser - Thursday October 04, 1999 10:13:25
imriuser - Thursday October 04, 1999 10:52:33
imriuser - Thursday October 04, 1999 11:41:44
imriuser - Thursday October 04, 1999 14:18:50
truelineuser - Thursday October 04, 1999 17:48:39
truelineuser - Thursday October 04, 1999 17:51:36
truelineuser - Friday October 05, 1999 14:22:53
truelineuser - Friday October 05, 1999 14:54:46
ecosuser - Friday October 05, 1999 15:58:1
ecosuser - Friday October 05, 1999 17:4:18
ecosuser - Monday October 01, 1999 13:38:37
ecosuser - Monday October 01, 1999 14:8:1
ecosuser - Monday October 01, 1999 14:51:27
truelineuser - Monday October 01, 1999 16:14:18
truelineuser - Monday October 01, 1999 16:56:58
truelineuser - Monday October 01, 1999 18:57:25
truelineuser - Monday October 01, 1999 19:2:52
truelineuser - Monday October 01, 1999 19:3:49
imriuser - Tuesday October 02, 1999 10:55:28
imriuser - Tuesday October 02, 1999 11:28:24
coastlineuser - Tuesday October 02, 1999 12:22:46
truelineuser - Tuesday October 02, 1999 12:30:19
ecosuser - Tuesday October 02, 1999 13:13:22
coastlineuser - Tuesday October 02, 1999 17:19:52
ecosuser - Wedsday October 03, 1999 9:34:58
ecosuser - Wedsday October 03, 1999 10:27:16
imriuser - Wedsday October 03, 1999 16:2:41
truelineuser - Wedsday October 03, 1999 16:22:37
truelineuser - Wedsday October 03, 1999 16:24:8
coastlineuser - Thursday October 04, 1999 15:11:35
imriuser - Thursday October 04, 1999 16:58:14
truelineuser - Monday October 01, 1999 9:52:42
imriuser - Monday October 01, 1999 13:59:31
imriuser - Monday October 01, 1999 13:59:58
ecosuser - Monday October 01, 1999 15:40:58
imriuser - Tuesday October 02, 1999 9:17:43
imriuser - Tuesday October 02, 1999 12:33:41
imriuser - Tuesday October 02, 1999 12:35:36
imriuser - Tuesday October 02, 1999 13:3:30
truelineuser - Tuesday October 02, 1999 15:30:48
ecosuser - Tuesday October 02, 1999 17:25:56
ecosuser - Tuesday October 02, 1999 17:26:8
truelineuser - Wedsday October 03, 1999 11:44:59
truelineuser - Wedsday October 03, 1999 15:30:44
truelineuser - Wedsday October 03, 1999 15:48:57
ecosuser - Thursday October 04, 1999 12:50:17
truelineuser - Friday October 05, 1999 11:20:27
truelineuser - Monday October 01, 1999 15:48:41
imriuser - Wedsday October 03, 1999 12:12:32
imriuser - Wedsday October 03, 1999 12:16:7
imriuser - Wedsday October 03, 1999 14:26:50
imriuser - Wedsday October 03, 1999 14:33:22
imriuser - Wedsday October 03, 1999 14:59:7
imriuser - Wedsday October 03, 1999 15:15:49
ecosuser - Friday October 05, 1999 10:8:5
truelineuser - Monday November 01, 1999 11:11:20
imriuser - Monday November 01, 1999 14:44:2
imriuser - Monday November 01, 1999 15:46:34
imriuser - Monday November 01, 1999 17:34:41
ecosuser - Wedsday November 03, 1999 16:41:22
ecosuser - Wedsday November 03, 1999 16:43:1
ecosuser - Sunday November 00, 1999 21:21:56
ecosuser - Monday November 01, 1999 13:3:54
truelineuser - Tuesday November 02, 1999 18:0:57
ecosuser - Wedsday December 03, 1999 10:7:47
imriuser - Wedsday December 03, 1999 10:8:3
renuuser - Wedsday December 03, 1999 10:8:25
truelineuser - Wedsday December 03, 1999 10:8:35
ctuser - Wedsday December 03, 1999 10:9:23
coastlineuser - Tuesday January 02, 19100 4:58:19
coastlineuser - Tuesday January 02, 19100 8:5:2
coastlineuser - Friday January 05, 19100 11:29:58
