2001.05.19 14:27 B c:\inetpub\wwwroot\dhtmlcentral\coolmenus\examples\withoutframes\hs~menu12.html --> dhtmlcentral.com /coolmenus/examples/withoutframes hs~menu12.html
2001.05.19 14:27 B c:\inetpub\wwwroot\dhtmlcentral\coolmenus\examples\withoutframes\hs~te.html --> dhtmlcentral.com /coolmenus/examples/withoutframes hs~te.html
2001.05.19 14:27 B c:\inetpub\wwwroot\dhtmlcentral\coolmenus\examples\withoutframes\menu.js --> dhtmlcentral.com /coolmenus/examples/withoutframes menu.js
2001.05.19 14:27 B c:\inetpub\wwwroot\dhtmlcentral\coolmenus\examples\withoutframes\menu1.html --> dhtmlcentral.com /coolmenus/examples/withoutframes menu1.html
2001.05.19 14:27 B c:\inetpub\wwwroot\dhtmlcentral\coolmenus\examples\withoutframes\menu10.html --> dhtmlcentral.com /coolmenus/examples/withoutframes menu10.html
2001.05.19 14:27 B c:\inetpub\wwwroot\dhtmlcentral\coolmenus\examples\withoutframes\menu11.html --> dhtmlcentral.com /coolmenus/examples/withoutframes menu11.html
2001.05.19 14:27 B c:\inetpub\wwwroot\dhtmlcentral\coolmenus\examples\withoutframes\menu2.html --> dhtmlcentral.com /coolmenus/examples/withoutframes menu2.html
2001.05.19 14:27 B c:\inetpub\wwwroot\dhtmlcentral\coolmenus\examples\withoutframes\menu3.html --> dhtmlcentral.com /coolmenus/examples/withoutframes menu3.html
2001.05.19 14:27 B c:\inetpub\wwwroot\dhtmlcentral\coolmenus\examples\withoutframes\menu4.html --> dhtmlcentral.com /coolmenus/examples/withoutframes menu4.html
2001.05.19 14:27 B c:\inetpub\wwwroot\dhtmlcentral\coolmenus\examples\withoutframes\menu5.html --> dhtmlcentral.com /coolmenus/examples/withoutframes menu5.html
2001.05.19 14:30 B c:\inetpub\wwwroot\dhtmlcentral\coolmenus\examples\withoutframes\hs~menu12.html --> dhtmlcentral.com /coolmenus/examples/withoutframes hs~menu12.html
2001.05.19 14:30 B c:\inetpub\wwwroot\dhtmlcentral\coolmenus\examples\withoutframes\hs~te.html --> dhtmlcentral.com /coolmenus/examples/withoutframes hs~te.html
2001.05.19 14:30 B c:\inetpub\wwwroot\dhtmlcentral\coolmenus\examples\withoutframes\menu.js --> dhtmlcentral.com /coolmenus/examples/withoutframes menu.js
2001.05.19 14:30 B c:\inetpub\wwwroot\dhtmlcentral\coolmenus\examples\withoutframes\menu1.html --> dhtmlcentral.com /coolmenus/examples/withoutframes menu1.html
2001.05.19 14:30 B c:\inetpub\wwwroot\dhtmlcentral\coolmenus\examples\withoutframes\menu10.html --> dhtmlcentral.com /coolmenus/examples/withoutframes menu10.html
2001.05.19 14:30 B c:\inetpub\wwwroot\dhtmlcentral\coolmenus\examples\withoutframes\menu11.html --> dhtmlcentral.com /coolmenus/examples/withoutframes menu11.html
2001.05.19 14:30 B c:\inetpub\wwwroot\dhtmlcentral\coolmenus\examples\withoutframes\menu2.html --> dhtmlcentral.com /coolmenus/examples/withoutframes menu2.html
2001.05.19 14:30 B c:\inetpub\wwwroot\dhtmlcentral\coolmenus\examples\withoutframes\menu3.html --> dhtmlcentral.com /coolmenus/examples/withoutframes menu3.html
2001.05.19 14:30 B c:\inetpub\wwwroot\dhtmlcentral\coolmenus\examples\withoutframes\menu4.html --> dhtmlcentral.com /coolmenus/examples/withoutframes menu4.html
2001.05.19 14:30 B c:\inetpub\wwwroot\dhtmlcentral\coolmenus\examples\withoutframes\menu5.html --> dhtmlcentral.com /coolmenus/examples/withoutframes menu5.html
2001.05.19 14:30 B c:\inetpub\wwwroot\dhtmlcentral\coolmenus\examples\withoutframes\menu6.html --> dhtmlcentral.com /coolmenus/examples/withoutframes menu6.html
2001.05.19 14:30 B c:\inetpub\wwwroot\dhtmlcentral\coolmenus\examples\withoutframes\menu7.html --> dhtmlcentral.com /coolmenus/examples/withoutframes menu7.html
2001.05.19 14:30 B c:\inetpub\wwwroot\dhtmlcentral\coolmenus\examples\withoutframes\menu8.html --> dhtmlcentral.com /coolmenus/examples/withoutframes menu8.html
2001.05.19 14:30 B c:\inetpub\wwwroot\dhtmlcentral\coolmenus\examples\withoutframes\menu9.html --> dhtmlcentral.com /coolmenus/examples/withoutframes menu9.html
2001.05.19 14:30 B c:\inetpub\wwwroot\dhtmlcentral\coolmenus\examples\withoutframes\te.html --> dhtmlcentral.com /coolmenus/examples/withoutframes te.html
2001.05.19 14:30 B c:\inetpub\wwwroot\dhtmlcentral\coolmenus\examples\withoutframes\WS_FTP.LOG --> dhtmlcentral.com /coolmenus/examples/withoutframes WS_FTP.LOG
